27-3-2026 10:44:32 PM error: Unauthorized access, token is missing
Error: Unauthorized access, token is missing
    at ResponseHandler.authHandler (file:///C:/code/Backend/GENAI/src/utils/responseHanlder.js:46:19)
    at authUser (file:///C:/code/Backend/GENAI/src/middlewares/auth.middleware.js:9:21)
    at Layer.handleRequest (C:\code\Backend\GENAI\node_modules\router\lib\layer.js:152:17)
    at next (C:\code\Backend\GENAI\node_modules\router\lib\route.js:157:13)
    at Route.dispatch (C:\code\Backend\GENAI\node_modules\router\lib\route.js:117:3)
    at handle (C:\code\Backend\GENAI\node_modules\router\index.js:435:11)
    at Layer.handleRequest (C:\code\Backend\GENAI\node_modules\router\lib\layer.js:152:17)
    at C:\code\Backend\GENAI\node_modules\router\index.js:295:15
    at processParams (C:\code\Backend\GENAI\node_modules\router\index.js:582:12)
    at next (C:\code\Backend\GENAI\node_modules\router\index.js:291:5)
27-3-2026 10:44:32 PM error: Invalid token
Error: Invalid token
    at ResponseHandler.authHandler (file:///C:/code/Backend/GENAI/src/utils/responseHanlder.js:46:19)
    at authUser (file:///C:/code/Backend/GENAI/src/middlewares/auth.middleware.js:19:21)
    at Layer.handleRequest (C:\code\Backend\GENAI\node_modules\router\lib\layer.js:152:17)
    at next (C:\code\Backend\GENAI\node_modules\router\lib\route.js:157:13)
    at Route.dispatch (C:\code\Backend\GENAI\node_modules\router\lib\route.js:117:3)
    at handle (C:\code\Backend\GENAI\node_modules\router\index.js:435:11)
    at Layer.handleRequest (C:\code\Backend\GENAI\node_modules\router\lib\layer.js:152:17)
    at C:\code\Backend\GENAI\node_modules\router\index.js:295:15
    at processParams (C:\code\Backend\GENAI\node_modules\router\index.js:582:12)
    at next (C:\code\Backend\GENAI\node_modules\router\index.js:291:5)
27-3-2026 10:49:53 PM error: Unauthorized access, token is missing
Error: Unauthorized access, token is missing
    at ResponseHandler.authHandler (file:///C:/code/Backend/GENAI/src/utils/responseHanlder.js:46:19)
    at authUser (file:///C:/code/Backend/GENAI/src/middlewares/auth.middleware.js:9:21)
    at Layer.handleRequest (C:\code\Backend\GENAI\node_modules\router\lib\layer.js:152:17)
    at next (C:\code\Backend\GENAI\node_modules\router\lib\route.js:157:13)
    at Route.dispatch (C:\code\Backend\GENAI\node_modules\router\lib\route.js:117:3)
    at handle (C:\code\Backend\GENAI\node_modules\router\index.js:435:11)
    at Layer.handleRequest (C:\code\Backend\GENAI\node_modules\router\lib\layer.js:152:17)
    at C:\code\Backend\GENAI\node_modules\router\index.js:295:15
    at processParams (C:\code\Backend\GENAI\node_modules\router\index.js:582:12)
    at next (C:\code\Backend\GENAI\node_modules\router\index.js:291:5)
27-3-2026 10:49:53 PM error: Invalid token
Error: Invalid token
    at ResponseHandler.authHandler (file:///C:/code/Backend/GENAI/src/utils/responseHanlder.js:46:19)
    at authUser (file:///C:/code/Backend/GENAI/src/middlewares/auth.middleware.js:19:21)
    at Layer.handleRequest (C:\code\Backend\GENAI\node_modules\router\lib\layer.js:152:17)
    at next (C:\code\Backend\GENAI\node_modules\router\lib\route.js:157:13)
    at Route.dispatch (C:\code\Backend\GENAI\node_modules\router\lib\route.js:117:3)
    at handle (C:\code\Backend\GENAI\node_modules\router\index.js:435:11)
    at Layer.handleRequest (C:\code\Backend\GENAI\node_modules\router\lib\layer.js:152:17)
    at C:\code\Backend\GENAI\node_modules\router\index.js:295:15
    at processParams (C:\code\Backend\GENAI\node_modules\router\index.js:582:12)
    at next (C:\code\Backend\GENAI\node_modules\router\index.js:291:5)
27-3-2026 10:56:14 PM error: Unauthorized access, token is missing
Error: Unauthorized access, token is missing
    at ResponseHandler.authHandler (file:///C:/code/Backend/GENAI/src/utils/responseHanlder.js:46:19)
    at authUser (file:///C:/code/Backend/GENAI/src/middlewares/auth.middleware.js:10:21)
    at Layer.handleRequest (C:\code\Backend\GENAI\node_modules\router\lib\layer.js:152:17)
    at next (C:\code\Backend\GENAI\node_modules\router\lib\route.js:157:13)
    at Route.dispatch (C:\code\Backend\GENAI\node_modules\router\lib\route.js:117:3)
    at handle (C:\code\Backend\GENAI\node_modules\router\index.js:435:11)
    at Layer.handleRequest (C:\code\Backend\GENAI\node_modules\router\lib\layer.js:152:17)
    at C:\code\Backend\GENAI\node_modules\router\index.js:295:15
    at processParams (C:\code\Backend\GENAI\node_modules\router\index.js:582:12)
    at next (C:\code\Backend\GENAI\node_modules\router\index.js:291:5)
27-3-2026 10:56:14 PM error: Invalid token
Error: Invalid token
    at ResponseHandler.authHandler (file:///C:/code/Backend/GENAI/src/utils/responseHanlder.js:46:19)
    at authUser (file:///C:/code/Backend/GENAI/src/middlewares/auth.middleware.js:26:21)
    at process.processTicksAndRejections (node:internal/process/task_queues:105:5)
27-3-2026 10:56:40 PM error: Unauthorized access, token is missing
Error: Unauthorized access, token is missing
    at ResponseHandler.authHandler (file:///C:/code/Backend/GENAI/src/utils/responseHanlder.js:46:19)
    at authUser (file:///C:/code/Backend/GENAI/src/middlewares/auth.middleware.js:10:21)
    at Layer.handleRequest (C:\code\Backend\GENAI\node_modules\router\lib\layer.js:152:17)
    at next (C:\code\Backend\GENAI\node_modules\router\lib\route.js:157:13)
    at Route.dispatch (C:\code\Backend\GENAI\node_modules\router\lib\route.js:117:3)
    at handle (C:\code\Backend\GENAI\node_modules\router\index.js:435:11)
    at Layer.handleRequest (C:\code\Backend\GENAI\node_modules\router\lib\layer.js:152:17)
    at C:\code\Backend\GENAI\node_modules\router\index.js:295:15
    at processParams (C:\code\Backend\GENAI\node_modules\router\index.js:582:12)
    at next (C:\code\Backend\GENAI\node_modules\router\index.js:291:5)
27-3-2026 10:56:40 PM error: Invalid token
Error: Invalid token
    at ResponseHandler.authHandler (file:///C:/code/Backend/GENAI/src/utils/responseHanlder.js:46:19)
    at authUser (file:///C:/code/Backend/GENAI/src/middlewares/auth.middleware.js:26:21)
    at process.processTicksAndRejections (node:internal/process/task_queues:105:5)
27-3-2026 10:57:02 PM error: token is Invalid
Error: token is Invalid
    at ResponseHandler.authHandler (file:///C:/code/Backend/GENAI/src/utils/responseHanlder.js:46:19)
    at authUser (file:///C:/code/Backend/GENAI/src/middlewares/auth.middleware.js:16:21)
    at process.processTicksAndRejections (node:internal/process/task_queues:105:5)
